
> clearcase@0.1.0 worker:start
> tsx apps/worker/src/worker.ts

{"level":"info","msg":"worker_started","queueUrl":"https://sqs.us-west-2.amazonaws.com/905418215132/clearcase-phase4-dev","waitTimeSeconds":20,"visibilityTimeoutSeconds":30}
{"level":"info","msg":"worker_asset_processed","queueMessageId":"55d35274-6ab0-48eb-bbc2-97cd61513633","caseId":"cmlk8rxub000b44wo9fxjh5js","assetId":"cmlk8rxvn000c44woxf1ls595","extractionId":"cmlk8rydg0000xwwou1d6vu2m","truthLayer":{"documentType":"non_legal_or_unclear_image","classificationConfidence":0.2,"timeSensitive":false,"earliestDeadline":null},"verdictId":"cmlk8ryf30003xwwo2o1aei6g","llmModel":"deterministic-formatter-v1","replayMode":"fresh"}
{"level":"info","msg":"worker_message_acked","messageId":"55d35274-6ab0-48eb-bbc2-97cd61513633"}
{"level":"info","msg":"worker_asset_processed","queueMessageId":"56d9d864-d8a8-4ce2-a923-211eb8e32033","caseId":"cmlk8rybj000f44wo0v5ds0eg","assetId":"cmlk8rybx000g44woz580cc58","extractionId":"cmlk8ryk70006xwwoi0kxv88f","truthLayer":{"documentType":"non_legal_or_unclear_image","classificationConfidence":0.2,"timeSensitive":false,"earliestDeadline":null},"verdictId":"cmlk8rykz0009xwwo0hivc7r6","llmModel":"deterministic-formatter-v1","replayMode":"fresh"}
{"level":"info","msg":"worker_message_acked","messageId":"56d9d864-d8a8-4ce2-a923-211eb8e32033"}
{"level":"info","msg":"worker_asset_processed","queueMessageId":"b719abd3-f043-4270-adc6-630f7b9e43a7","caseId":"cmlk8ryi4000j44wo5d2l36m9","assetId":"cmlk8ryih000k44wogolq9u12","extractionId":"cmlk8rypt000cxwwo3zua5say","truthLayer":{"documentType":"non_legal_or_unclear_image","classificationConfidence":0.2,"timeSensitive":false,"earliestDeadline":null},"verdictId":"cmlk8ryqk000fxwwoqbl0fuw0","llmModel":"deterministic-formatter-v1","replayMode":"fresh"}
{"level":"info","msg":"worker_message_acked","messageId":"b719abd3-f043-4270-adc6-630f7b9e43a7"}
{"level":"info","msg":"worker_asset_processed","queueMessageId":"e73991ab-409b-4ace-91f5-01910c811ddf","caseId":"cmlk8rynn000n44woqa03gwz6","assetId":"cmlk8rynz000o44wokw5v7552","extractionId":"cmlk8ryut000ixwwop4lrk9hy","truthLayer":{"documentType":"non_legal_or_unclear_image","classificationConfidence":0.2,"timeSensitive":false,"earliestDeadline":null},"verdictId":"cmlk8ryvm000lxwwo59u730rm","llmModel":"deterministic-formatter-v1","replayMode":"fresh"}
{"level":"info","msg":"worker_message_acked","messageId":"e73991ab-409b-4ace-91f5-01910c811ddf"}
{"level":"info","msg":"worker_asset_processed","queueMessageId":"78ba6429-ad09-456c-95cf-c8ab2a831c1f","caseId":"cmlk8xm74001c44wobosqkc9x","assetId":"cmlk8xmf1001l44wozd1zwr6l","extractionId":"cmlk8xn9n000oxwwo7rfsp2cg","truthLayer":{"documentType":"non_legal_or_unclear_image","classificationConfidence":0.2,"timeSensitive":false,"earliestDeadline":null},"verdictId":"cmlk8xnal000rxwwo3pk7h6na","llmModel":"deterministic-formatter-v1","replayMode":"fresh"}
{"level":"info","msg":"worker_message_acked","messageId":"78ba6429-ad09-456c-95cf-c8ab2a831c1f"}
{"level":"info","msg":"worker_asset_processed","queueMessageId":"d4d5f7ce-5db4-437b-af01-791c645386ed","caseId":"cmlk90nxv002d44wol31a8v39","assetId":"cmlk90ny9002e44wo82zbt6um","extractionId":"cmlk90obf000uxwwohddrpj5b","truthLayer":{"documentType":"protective_order_notice","classificationConfidence":1,"timeSensitive":true,"earliestDeadline":"2026-03-09T00:00:00.000Z"},"verdictId":"cmlk90ocd000xxwwonlhf57mh","llmModel":"deterministic-formatter-v1","replayMode":"fresh"}
{"level":"info","msg":"worker_message_acked","messageId":"d4d5f7ce-5db4-437b-af01-791c645386ed"}
{"level":"info","msg":"worker_asset_processed","queueMessageId":"299a7719-4815-45ad-9976-d4a9ab72a087","caseId":"cmlk90ocl002i44woj87a5oix","assetId":"cmlk90od2002j44wo8oydptnn","extractionId":"cmlk90ohg0010xwwo6niir1vi","truthLayer":{"documentType":"family_court_notice","classificationConfidence":1,"timeSensitive":true,"earliestDeadline":"2026-03-22T00:00:00.000Z"},"verdictId":"cmlk90oie0013xwwofjn6sj4b","llmModel":"deterministic-formatter-v1","replayMode":"fresh"}
{"level":"info","msg":"worker_message_acked","messageId":"299a7719-4815-45ad-9976-d4a9ab72a087"}
{"level":"info","msg":"worker_asset_processed","queueMessageId":"115e99d3-05b9-481a-9101-2fb720e226ab","caseId":"cmlk90oi1002n44woiffvdrus","assetId":"cmlk90oid002o44woey2phmdc","extractionId":"cmlk90on20016xwwoukqkokt0","truthLayer":{"documentType":"small_claims_complaint","classificationConfidence":1,"timeSensitive":true,"earliestDeadline":"2026-03-05T00:00:00.000Z"},"verdictId":"cmlk90onr0019xwwowuzbbwn9","llmModel":"deterministic-formatter-v1","replayMode":"fresh"}
{"level":"info","msg":"worker_message_acked","messageId":"115e99d3-05b9-481a-9101-2fb720e226ab"}
{"level":"info","msg":"worker_asset_processed","queueMessageId":"16a6e5d4-dd78-492f-98db-c76ad1ce2d3a","caseId":"cmlk90onp002s44wo3qknyzt7","assetId":"cmlk90oo1002t44wopabcdxee","extractionId":"cmlk90osf001cxwwo1gyoy9nw","truthLayer":{"documentType":"summons_complaint","classificationConfidence":1,"timeSensitive":true,"earliestDeadline":"2026-02-10T00:00:00.000Z"},"verdictId":"cmlk90ot7001fxwwot9t164u7","llmModel":"deterministic-formatter-v1","replayMode":"fresh"}
{"level":"info","msg":"worker_message_acked","messageId":"16a6e5d4-dd78-492f-98db-c76ad1ce2d3a"}
{"level":"info","msg":"worker_asset_processed","queueMessageId":"b46a4407-a421-43fe-952a-80fd54893c3a","caseId":"cmlk90osx002x44wogt8d695z","assetId":"cmlk90ot9002y44wo7m9cx9ur","extractionId":"cmlk90oxv001ixwwo03m93fy3","truthLayer":{"documentType":"subpoena_notice","classificationConfidence":1,"timeSensitive":true,"earliestDeadline":"2026-03-01T00:00:00.000Z"},"verdictId":"cmlk90oyk001lxwwoz7cd91h9","llmModel":"deterministic-formatter-v1","replayMode":"fresh"}
{"level":"info","msg":"worker_message_acked","messageId":"b46a4407-a421-43fe-952a-80fd54893c3a"}
{"level":"info","msg":"worker_asset_processed","queueMessageId":"c293a4ba-2cdc-4816-82c9-1f6e801220d8","caseId":"cmlk90oy1003244wo33gzccgg","assetId":"cmlk90oye003344wor45zbe8o","extractionId":"cmlk90p2g001oxwwo5ib2ui4m","truthLayer":{"documentType":"judgment_notice","classificationConfidence":1,"timeSensitive":false,"earliestDeadline":null},"verdictId":"cmlk90p33001rxwwogk4nb9vr","llmModel":"deterministic-formatter-v1","replayMode":"fresh"}
{"level":"info","msg":"worker_message_acked","messageId":"c293a4ba-2cdc-4816-82c9-1f6e801220d8"}
{"level":"info","msg":"worker_asset_processed","queueMessageId":"4f1d4ee9-0ea5-4916-b293-a81b1c28b9c4","caseId":"cmlk90p2x003744wojap9lu1v","assetId":"cmlk90p3a003844wo6o3ur0fq","extractionId":"cmlk90p7c001uxwwox1i6zhbd","truthLayer":{"documentType":"court_hearing_notice","classificationConfidence":1,"timeSensitive":true,"earliestDeadline":null},"verdictId":"cmlk90p83001xxwwotf4ow4mf","llmModel":"deterministic-formatter-v1","replayMode":"fresh"}
{"level":"info","msg":"worker_message_acked","messageId":"4f1d4ee9-0ea5-4916-b293-a81b1c28b9c4"}
{"level":"info","msg":"worker_asset_processed","queueMessageId":"ae3212d8-8fc4-4040-9d80-9c6bf1203c9c","caseId":"cmlk90p7z003c44wowbosqbpt","assetId":"cmlk90p8b003d44woox79iz5h","extractionId":"cmlk90pc60020xwwoasmjkp3c","truthLayer":{"documentType":"demand_letter","classificationConfidence":1,"timeSensitive":true,"earliestDeadline":null},"verdictId":"cmlk90pcu0023xwwo9atru6vs","llmModel":"deterministic-formatter-v1","replayMode":"fresh"}
{"level":"info","msg":"worker_message_acked","messageId":"ae3212d8-8fc4-4040-9d80-9c6bf1203c9c"}
{"level":"info","msg":"worker_asset_processed","queueMessageId":"4b91bd0b-5287-4fb3-b1f1-459d06675446","caseId":"cmlk90pct003h44woyeusthkj","assetId":"cmlk90pd5003i44wogae1ys33","extractionId":"cmlk90pgy0026xwwov5vstuu7","truthLayer":{"documentType":"eviction_notice","classificationConfidence":1,"timeSensitive":true,"earliestDeadline":"2026-02-16T00:00:00.000Z"},"verdictId":"cmlk90pho0029xwwo3zysobfl","llmModel":"deterministic-formatter-v1","replayMode":"fresh"}
{"level":"info","msg":"worker_message_acked","messageId":"4b91bd0b-5287-4fb3-b1f1-459d06675446"}
{"level":"info","msg":"worker_asset_processed","queueMessageId":"cbe7e8cd-5104-4ba0-bbba-7749a922841e","caseId":"cmlk90phm003m44wojr08zih6","assetId":"cmlk90phy003n44wo5bn3c4iq","extractionId":"cmlk90pm1002cxwwo4h9emnvj","truthLayer":{"documentType":"foreclosure_default_notice","classificationConfidence":1,"timeSensitive":true,"earliestDeadline":null},"verdictId":"cmlk90pmq002fxwwodk6cuua3","llmModel":"deterministic-formatter-v1","replayMode":"fresh"}
{"level":"info","msg":"worker_message_acked","messageId":"cbe7e8cd-5104-4ba0-bbba-7749a922841e"}
{"level":"info","msg":"worker_asset_processed","queueMessageId":"5d20dc1b-10b3-42aa-a72e-96fafad69008","caseId":"cmlk90pmp003r44wo6har8upf","assetId":"cmlk90pn2003s44wos55ggkxv","extractionId":"cmlk90pqy002ixwwowuqx0oll","truthLayer":{"documentType":"repossession_notice","classificationConfidence":1,"timeSensitive":false,"earliestDeadline":null},"verdictId":"cmlk90prm002lxwwomq7ugbcy","llmModel":"deterministic-formatter-v1","replayMode":"fresh"}
{"level":"info","msg":"worker_message_acked","messageId":"5d20dc1b-10b3-42aa-a72e-96fafad69008"}
{"level":"info","msg":"worker_asset_processed","queueMessageId":"5e9773ad-f9e1-4c23-89cb-8df058212786","caseId":"cmlk90prl003w44wodzmrdvqs","assetId":"cmlk90prw003x44wo58624q6f","extractionId":"cmlk90pvr002oxwwou28jklcl","truthLayer":{"documentType":"landlord_security_deposit_notice","classificationConfidence":0.9199999999999999,"timeSensitive":false,"earliestDeadline":null},"verdictId":"cmlk90pwg002rxwwo0pcckgke","llmModel":"deterministic-formatter-v1","replayMode":"fresh"}
{"level":"info","msg":"worker_message_acked","messageId":"5e9773ad-f9e1-4c23-89cb-8df058212786"}
{"level":"info","msg":"worker_asset_processed","queueMessageId":"4487bd69-1a7c-463d-9c54-fa18b6400334","caseId":"cmlk90pwk004144wo57xx7ku5","assetId":"cmlk90pww004244wojddj2k0e","extractionId":"cmlk90q0n002uxwwom8qm97jm","truthLayer":{"documentType":"lease_violation_notice","classificationConfidence":1,"timeSensitive":false,"earliestDeadline":null},"verdictId":"cmlk90q1a002xxwwo2ajhyvbf","llmModel":"deterministic-formatter-v1","replayMode":"fresh"}
{"level":"info","msg":"worker_message_acked","messageId":"4487bd69-1a7c-463d-9c54-fa18b6400334"}
{"level":"info","msg":"worker_asset_processed","queueMessageId":"4b6cbf18-0e00-4cc9-871a-98fecc3349c1","caseId":"cmlk90q19004644wold2lfnyg","assetId":"cmlk90q1j004744won4s97336","extractionId":"cmlk90q590030xwwo3eaqscyn","truthLayer":{"documentType":"debt_collection_notice","classificationConfidence":1,"timeSensitive":false,"earliestDeadline":null},"verdictId":"cmlk90q5v0033xwwoierwp7jh","llmModel":"deterministic-formatter-v1","replayMode":"fresh"}
{"level":"info","msg":"worker_message_acked","messageId":"4b6cbf18-0e00-4cc9-871a-98fecc3349c1"}
{"level":"info","msg":"worker_asset_processed","queueMessageId":"e582e5c3-aad3-4093-9b0b-7f3abbc57583","caseId":"cmlk90q5u004b44wopt7u75s4","assetId":"cmlk90q65004c44woynb3h5es","extractionId":"cmlk90q9w0036xwwoysxlaqcr","truthLayer":{"documentType":"wage_garnishment_notice","classificationConfidence":1,"timeSensitive":true,"earliestDeadline":null},"verdictId":"cmlk90qai0039xwwoy0zn679t","llmModel":"deterministic-formatter-v1","replayMode":"fresh"}
{"level":"info","msg":"worker_message_acked","messageId":"e582e5c3-aad3-4093-9b0b-7f3abbc57583"}
{"level":"info","msg":"worker_asset_processed","queueMessageId":"fec6567f-8038-4fe5-a4d6-238cd91c687d","caseId":"cmlk90qad004g44wo53se2dhy","assetId":"cmlk90qap004h44wof1ilmbf2","extractionId":"cmlk90qfl003cxwwo3xrico3k","truthLayer":{"documentType":"tax_notice","classificationConfidence":1,"timeSensitive":false,"earliestDeadline":null},"verdictId":"cmlk90qgb003fxwwon5y24lnq","llmModel":"deterministic-formatter-v1","replayMode":"fresh"}
{"level":"info","msg":"worker_message_acked","messageId":"fec6567f-8038-4fe5-a4d6-238cd91c687d"}
{"level":"info","msg":"worker_asset_processed","queueMessageId":"1e5cc3f3-fc3d-4f26-8041-399feb2081ae","caseId":"cmlk90qg9004l44wo4vwezlmn","assetId":"cmlk90qgp004m44wowp1dm5tn","extractionId":"cmlk90qko003ixwwo4wfexu9o","truthLayer":{"documentType":"unemployment_benefits_denial","classificationConfidence":1,"timeSensitive":true,"earliestDeadline":"2026-02-28T00:00:00.000Z"},"verdictId":"cmlk90qld003lxwwolpfq2dl9","llmModel":"deterministic-formatter-v1","replayMode":"fresh"}
{"level":"info","msg":"worker_message_acked","messageId":"1e5cc3f3-fc3d-4f26-8041-399feb2081ae"}
{"level":"info","msg":"worker_asset_processed","queueMessageId":"d7292684-2b5f-4ff6-96a4-46f43ccb2000","caseId":"cmlk90qlc004q44wofpuvugo5","assetId":"cmlk90qln004r44wo6pswun50","extractionId":"cmlk90qpc003oxwwotpr1gwg7","truthLayer":{"documentType":"workers_comp_denial_notice","classificationConfidence":1,"timeSensitive":false,"earliestDeadline":null},"verdictId":"cmlk90qpz003rxwwo9tztpmm0","llmModel":"deterministic-formatter-v1","replayMode":"fresh"}
{"level":"info","msg":"worker_message_acked","messageId":"d7292684-2b5f-4ff6-96a4-46f43ccb2000"}
{"level":"info","msg":"worker_asset_processed","queueMessageId":"e4a4b88e-1b08-4216-8ba4-2dae506b6154","caseId":"cmlk90qpx004v44wos6y0bc5m","assetId":"cmlk90qq8004w44wo6dpr1wte","extractionId":"cmlk90qu0003uxwwo3vy9tvvo","truthLayer":{"documentType":"benefits_overpayment_notice","classificationConfidence":1,"timeSensitive":false,"earliestDeadline":null},"verdictId":"cmlk90qun003xxwwok6ymc79c","llmModel":"deterministic-formatter-v1","replayMode":"fresh"}
{"level":"info","msg":"worker_message_acked","messageId":"e4a4b88e-1b08-4216-8ba4-2dae506b6154"}
{"level":"info","msg":"worker_asset_processed","queueMessageId":"5cb9cb5f-2e4f-403f-9b4a-d33c18b2afce","caseId":"cmlk90qum005044wo9vsj67i5","assetId":"cmlk90qux005144wo3mv0fm3w","extractionId":"cmlk90qyl0040xwwovat7d6u4","truthLayer":{"documentType":"insurance_denial_letter","classificationConfidence":1,"timeSensitive":false,"earliestDeadline":null},"verdictId":"cmlk90qz80043xwwoyuaxa883","llmModel":"deterministic-formatter-v1","replayMode":"fresh"}
{"level":"info","msg":"worker_message_acked","messageId":"5cb9cb5f-2e4f-403f-9b4a-d33c18b2afce"}
{"level":"info","msg":"worker_asset_processed","queueMessageId":"5b3fd747-4e8f-4d8a-b376-4c3304237974","caseId":"cmlk90qz7005544wojam2sjif","assetId":"cmlk90qzi005644wo6hr2afft","extractionId":"cmlk90r3b0046xwwonmnmpq9t","truthLayer":{"documentType":"insurance_subrogation_notice","classificationConfidence":1,"timeSensitive":false,"earliestDeadline":null},"verdictId":"cmlk90r400049xwwo0w829qxq","llmModel":"deterministic-formatter-v1","replayMode":"fresh"}
{"level":"info","msg":"worker_message_acked","messageId":"5b3fd747-4e8f-4d8a-b376-4c3304237974"}
{"level":"info","msg":"worker_asset_processed","queueMessageId":"00910d6b-84d7-4173-b2c4-e8240eaa384f","caseId":"cmlk90r3z005a44wokae9i033","assetId":"cmlk90r4c005b44woo2qh90u2","extractionId":"cmlk90r7z004cxwwo1wme9ygx","truthLayer":{"documentType":"incident_evidence_photo","classificationConfidence":1,"timeSensitive":false,"earliestDeadline":null},"verdictId":"cmlk90r8m004fxwwogd9lgz93","llmModel":"deterministic-formatter-v1","replayMode":"fresh"}
{"level":"info","msg":"worker_message_acked","messageId":"00910d6b-84d7-4173-b2c4-e8240eaa384f"}
{"level":"info","msg":"worker_asset_processed","queueMessageId":"e9915ed2-d1fb-40b4-9c27-00eeca845413","caseId":"cmlk90r8l005f44wogrefh4j4","assetId":"cmlk90r8w005g44woq7otn1b8","extractionId":"cmlk90rck004ixwwo41z3fr5l","truthLayer":{"documentType":"utility_shutoff_notice","classificationConfidence":1,"timeSensitive":true,"earliestDeadline":null},"verdictId":"cmlk90rd7004lxwwo6jj6jhev","llmModel":"deterministic-formatter-v1","replayMode":"fresh"}
{"level":"info","msg":"worker_message_acked","messageId":"e9915ed2-d1fb-40b4-9c27-00eeca845413"}
{"level":"info","msg":"worker_asset_processed","queueMessageId":"6abc4650-4013-4823-800a-92729378eabc","caseId":"cmlk90rd5005k44wo7wxgv35d","assetId":"cmlk90rdf005l44wo0s47bo4e","extractionId":"cmlk90rhk004oxwwo81erk95z","truthLayer":{"documentType":"license_suspension_notice","classificationConfidence":1,"timeSensitive":true,"earliestDeadline":null},"verdictId":"cmlk90rib004rxwwobob4fo66","llmModel":"deterministic-formatter-v1","replayMode":"fresh"}
{"level":"info","msg":"worker_message_acked","messageId":"6abc4650-4013-4823-800a-92729378eabc"}
{"level":"info","msg":"worker_asset_processed","queueMessageId":"1032f8b4-5d2e-4921-9d01-8b0e25ac64f0","caseId":"cmlk90ri5005p44wocpcn0ytd","assetId":"cmlk90rig005q44wox3vwbpmr","extractionId":"cmlk90rmd004uxwwod3tg4mcv","truthLayer":{"documentType":"citation_ticket","classificationConfidence":1,"timeSensitive":true,"earliestDeadline":null},"verdictId":"cmlk90rn0004xxwwo3kzhhqze","llmModel":"deterministic-formatter-v1","replayMode":"fresh"}
{"level":"info","msg":"worker_message_acked","messageId":"1032f8b4-5d2e-4921-9d01-8b0e25ac64f0"}
{"level":"info","msg":"worker_asset_processed","queueMessageId":"e9256730-fad6-4f77-95c8-984fd02776b1","caseId":"cmlk90rmz005u44wox70ja5vl","assetId":"cmlk90rna005v44wofzanlbqr","extractionId":"cmlk90rr30050xwwojwe05cpj","truthLayer":{"documentType":"general_legal_notice","classificationConfidence":0.55,"timeSensitive":true,"earliestDeadline":"2026-03-14T00:00:00.000Z"},"verdictId":"cmlk90rrq0053xwwod9gt24zm","llmModel":"deterministic-formatter-v1","replayMode":"fresh"}
{"level":"info","msg":"worker_message_acked","messageId":"e9256730-fad6-4f77-95c8-984fd02776b1"}
{"level":"info","msg":"worker_asset_processed","queueMessageId":"70240a2b-37c0-418d-98ac-e26ca8742b7e","caseId":"cmlk90rru005z44woemmj4o29","assetId":"cmlk90rs4006044wotgqxxt7w","extractionId":"cmlk90rxn0056xwwoppn1jjco","truthLayer":{"documentType":"general_legal_notice","classificationConfidence":0.55,"timeSensitive":false,"earliestDeadline":null},"verdictId":"cmlk90rya0059xwwohoqm0ior","llmModel":"deterministic-formatter-v1","replayMode":"fresh"}
{"level":"info","msg":"worker_message_acked","messageId":"70240a2b-37c0-418d-98ac-e26ca8742b7e"}
{"level":"info","msg":"worker_asset_processed","queueMessageId":"7adc5ad1-12df-47b1-bb06-ec59e20cd346","caseId":"cmlk90rye006444woa3eotno8","assetId":"cmlk90ryp006544wo87jfppz8","extractionId":"cmlk90s2g005cxwwowt9ruv6v","truthLayer":{"documentType":"unknown_legal_document","classificationConfidence":1,"timeSensitive":false,"earliestDeadline":null},"verdictId":"cmlk90s34005fxwwopvlkc7ge","llmModel":"deterministic-formatter-v1","replayMode":"fresh"}
{"level":"info","msg":"worker_message_acked","messageId":"7adc5ad1-12df-47b1-bb06-ec59e20cd346"}
{"level":"info","msg":"worker_asset_processed","queueMessageId":"92ce891c-3144-4aae-8724-7c5d36de88f4","caseId":"cmlk91414006b44wo7ogko30e","assetId":"cmlk9141g006c44wobgs4xjn6","extractionId":"cmlk914aw005ixwwo3v8of0ct","truthLayer":{"documentType":"protective_order_notice","classificationConfidence":1,"timeSensitive":true,"earliestDeadline":"2026-03-09T00:00:00.000Z"},"verdictId":"cmlk914bs005lxwwodwoeethr","llmModel":"deterministic-formatter-v1","replayMode":"fresh"}
{"level":"info","msg":"worker_message_acked","messageId":"92ce891c-3144-4aae-8724-7c5d36de88f4"}
{"level":"info","msg":"worker_asset_processed","queueMessageId":"a3250daa-74f7-4802-9d57-779433e56c75","caseId":"cmlk914az006g44wo4kfhvbda","assetId":"cmlk914bc006h44woacd0o0q3","extractionId":"cmlk914gr005oxwwotdxpjef0","truthLayer":{"documentType":"family_court_notice","classificationConfidence":1,"timeSensitive":true,"earliestDeadline":"2026-03-22T00:00:00.000Z"},"verdictId":"cmlk914hg005rxwwoyzthr2zn","llmModel":"deterministic-formatter-v1","replayMode":"fresh"}
{"level":"info","msg":"worker_message_acked","messageId":"a3250daa-74f7-4802-9d57-779433e56c75"}
{"level":"info","msg":"worker_asset_processed","queueMessageId":"f4b246bb-22a8-4828-870b-42f546b8b2c6","caseId":"cmlk914ha006l44woaee8egz9","assetId":"cmlk914ho006m44wo7bi5pdnl","extractionId":"cmlk914lx005uxwwo021cg9xz","truthLayer":{"documentType":"small_claims_complaint","classificationConfidence":1,"timeSensitive":true,"earliestDeadline":"2026-03-05T00:00:00.000Z"},"verdictId":"cmlk914ml005xxwwoza9pxty9","llmModel":"deterministic-formatter-v1","replayMode":"fresh"}
{"level":"info","msg":"worker_message_acked","messageId":"f4b246bb-22a8-4828-870b-42f546b8b2c6"}
{"level":"info","msg":"worker_asset_processed","queueMessageId":"eb8e6f61-a1a6-46e7-b983-4b56ea6d7860","caseId":"cmlk914ml006q44won9jmebsy","assetId":"cmlk914mw006r44wo5v78kfqn","extractionId":"cmlk914r20060xwwop30i0hjq","truthLayer":{"documentType":"summons_complaint","classificationConfidence":0.95,"timeSensitive":true,"earliestDeadline":"2026-02-10T00:00:00.000Z"},"verdictId":"cmlk914ro0063xwwoksrpgn31","llmModel":"deterministic-formatter-v1","replayMode":"fresh"}
{"level":"info","msg":"worker_message_acked","messageId":"eb8e6f61-a1a6-46e7-b983-4b56ea6d7860"}
{"level":"info","msg":"worker_asset_processed","queueMessageId":"c50dbc0a-e7ea-49a6-9436-3adee97e9eff","caseId":"cmlk914rs006v44wo4fdwiy6t","assetId":"cmlk914s4006w44wooys4pxhr","extractionId":"cmlk914vx0066xwwohmaippfh","truthLayer":{"documentType":"subpoena_notice","classificationConfidence":1,"timeSensitive":true,"earliestDeadline":"2026-03-01T00:00:00.000Z"},"verdictId":"cmlk914wj0069xwwopqybzn23","llmModel":"deterministic-formatter-v1","replayMode":"fresh"}
{"level":"info","msg":"worker_message_acked","messageId":"c50dbc0a-e7ea-49a6-9436-3adee97e9eff"}
{"level":"info","msg":"worker_asset_processed","queueMessageId":"44ce97ae-db66-4b4a-a4c4-d5129fe46429","caseId":"cmlk914wh007044woycrialef","assetId":"cmlk914wt007144woxpa06zk7","extractionId":"cmlk9150y006cxwwoa1u6ps1l","truthLayer":{"documentType":"judgment_notice","classificationConfidence":0.9199999999999999,"timeSensitive":false,"earliestDeadline":null},"verdictId":"cmlk9151j006fxwwoyt8yi0hm","llmModel":"deterministic-formatter-v1","replayMode":"fresh"}
{"level":"info","msg":"worker_message_acked","messageId":"44ce97ae-db66-4b4a-a4c4-d5129fe46429"}
{"level":"info","msg":"worker_asset_processed","queueMessageId":"a09e8a68-76b7-4c12-91f0-0799a0dbe46d","caseId":"cmlk9151n007544wos9o5pecf","assetId":"cmlk9151y007644wol3k2j41o","extractionId":"cmlk9159w006ixwwoy07p12gg","truthLayer":{"documentType":"court_hearing_notice","classificationConfidence":1,"timeSensitive":true,"earliestDeadline":null},"verdictId":"cmlk915ah006lxwwo7lle3jin","llmModel":"deterministic-formatter-v1","replayMode":"fresh"}
{"level":"info","msg":"worker_message_acked","messageId":"a09e8a68-76b7-4c12-91f0-0799a0dbe46d"}
{"level":"info","msg":"worker_asset_processed","queueMessageId":"da0aafc6-95c9-4627-a95d-9e2951fd9030","caseId":"cmlk9156i007a44wo6fs5d1xt","assetId":"cmlk9156s007b44wonk8h2r5e","extractionId":"cmlk915e1006oxwwokb8nl4v7","truthLayer":{"documentType":"demand_letter","classificationConfidence":1,"timeSensitive":true,"earliestDeadline":null},"verdictId":"cmlk915es006rxwwodn3vn8bt","llmModel":"deterministic-formatter-v1","replayMode":"fresh"}
{"level":"info","msg":"worker_message_acked","messageId":"da0aafc6-95c9-4627-a95d-9e2951fd9030"}
{"level":"info","msg":"worker_asset_processed","queueMessageId":"57d46c39-761a-4ecc-9ce9-5bf26397032b","caseId":"cmlk915be007f44wogjgrbaam","assetId":"cmlk915bp007g44wosnexbnbu","extractionId":"cmlk915hz006uxwwokgpval5e","truthLayer":{"documentType":"eviction_notice","classificationConfidence":1,"timeSensitive":true,"earliestDeadline":"2026-02-16T00:00:00.000Z"},"verdictId":"cmlk915ij006xxwwomvujivyk","llmModel":"deterministic-formatter-v1","replayMode":"fresh"}
{"level":"info","msg":"worker_message_acked","messageId":"57d46c39-761a-4ecc-9ce9-5bf26397032b"}
{"level":"info","msg":"worker_asset_processed","queueMessageId":"2cce91ba-f7b2-4053-97a9-6e7ce69bd796","caseId":"cmlk915gd007k44wogmvqxxi6","assetId":"cmlk915gr007l44wo735ppbee","extractionId":"cmlk915lx0070xwwo76ycks39","truthLayer":{"documentType":"foreclosure_default_notice","classificationConfidence":1,"timeSensitive":true,"earliestDeadline":null},"verdictId":"cmlk915mi0073xwwolil9bwh3","llmModel":"deterministic-formatter-v1","replayMode":"fresh"}
{"level":"info","msg":"worker_message_acked","messageId":"2cce91ba-f7b2-4053-97a9-6e7ce69bd796"}
{"level":"info","msg":"worker_asset_processed","queueMessageId":"ac37600c-a547-43c6-a516-b1be21c9260f","caseId":"cmlk915lg007p44woh0kwtwrf","assetId":"cmlk915ls007q44woppibhxli","extractionId":"cmlk915ru0076xwwo1goxtj6r","truthLayer":{"documentType":"repossession_notice","classificationConfidence":1,"timeSensitive":false,"earliestDeadline":null},"verdictId":"cmlk915sg0079xwwoxghjnhcf","llmModel":"deterministic-formatter-v1","replayMode":"fresh"}
{"level":"info","msg":"worker_message_acked","messageId":"ac37600c-a547-43c6-a516-b1be21c9260f"}
{"level":"info","msg":"worker_asset_processed","queueMessageId":"3cf74ae9-e314-4c65-bdfb-4f45799a59c7","caseId":"cmlk915q8007u44woyh642l7b","assetId":"cmlk915qj007v44woj3rx3bey","extractionId":"cmlk915vz007cxwwouw5bzxoo","truthLayer":{"documentType":"landlord_security_deposit_notice","classificationConfidence":1,"timeSensitive":false,"earliestDeadline":null},"verdictId":"cmlk915wj007fxwwo5z6qhqs4","llmModel":"deterministic-formatter-v1","replayMode":"fresh"}
{"level":"info","msg":"worker_message_acked","messageId":"3cf74ae9-e314-4c65-bdfb-4f45799a59c7"}
{"level":"info","msg":"worker_asset_processed","queueMessageId":"71c6eb6d-926f-49e5-b293-58e70a139df0","caseId":"cmlk915v8007z44wocu88elu5","assetId":"cmlk915vi008044wo3hil8e1i","extractionId":"cmlk91607007ixwwooesmjti3","truthLayer":{"documentType":"lease_violation_notice","classificationConfidence":1,"timeSensitive":false,"earliestDeadline":null},"verdictId":"cmlk9160t007lxwwokxn5p9cc","llmModel":"deterministic-formatter-v1","replayMode":"fresh"}
{"level":"info","msg":"worker_message_acked","messageId":"71c6eb6d-926f-49e5-b293-58e70a139df0"}
{"level":"info","msg":"worker_asset_processed","queueMessageId":"5986304f-63a3-41fc-9a4e-e06d2ac9c6cd","caseId":"cmlk91608008444worayz7r9i","assetId":"cmlk9160j008544wojvvi4k0y","extractionId":"cmlk91654007oxwwobs6pjgqh","truthLayer":{"documentType":"debt_collection_notice","classificationConfidence":1,"timeSensitive":false,"earliestDeadline":null},"verdictId":"cmlk9165q007rxwwo50sa214s","llmModel":"deterministic-formatter-v1","replayMode":"fresh"}
{"level":"info","msg":"worker_message_acked","messageId":"5986304f-63a3-41fc-9a4e-e06d2ac9c6cd"}
{"level":"info","msg":"worker_asset_processed","queueMessageId":"20cb73dd-e062-4ea3-b5a3-2c2078493e17","caseId":"cmlk9165p008944woq22kugty","assetId":"cmlk91660008a44wovebtezry","extractionId":"cmlk916a0007uxwwo4aw7axtq","truthLayer":{"documentType":"wage_garnishment_notice","classificationConfidence":1,"timeSensitive":true,"earliestDeadline":null},"verdictId":"cmlk916am007xxwwod5571vcr","llmModel":"deterministic-formatter-v1","replayMode":"fresh"}
{"level":"info","msg":"worker_message_acked","messageId":"20cb73dd-e062-4ea3-b5a3-2c2078493e17"}
{"level":"info","msg":"worker_asset_processed","queueMessageId":"08e1e4cc-044e-4809-8f43-fcd47cf33a00","caseId":"cmlk916al008e44wobb82d9bp","assetId":"cmlk916aw008f44woayevbijj","extractionId":"cmlk916n00080xwwot601wb6n","truthLayer":{"documentType":"tax_notice","classificationConfidence":1,"timeSensitive":false,"earliestDeadline":null},"verdictId":"cmlk916no0083xwwo5abie1od","llmModel":"deterministic-formatter-v1","replayMode":"fresh"}
{"level":"info","msg":"worker_message_acked","messageId":"08e1e4cc-044e-4809-8f43-fcd47cf33a00"}
{"level":"info","msg":"worker_asset_processed","queueMessageId":"67e4ef8c-8ee5-4927-9a60-2db4eef41487","caseId":"cmlk916nn008j44wo909p8vn0","assetId":"cmlk916ny008k44wojlvi1h2f","extractionId":"cmlk916s80086xwwowxe0it58","truthLayer":{"documentType":"unemployment_benefits_denial","classificationConfidence":1,"timeSensitive":true,"earliestDeadline":"2026-02-28T00:00:00.000Z"},"verdictId":"cmlk916su0089xwwoukwa2lug","llmModel":"deterministic-formatter-v1","replayMode":"fresh"}
{"level":"info","msg":"worker_message_acked","messageId":"67e4ef8c-8ee5-4927-9a60-2db4eef41487"}
{"level":"info","msg":"worker_asset_processed","queueMessageId":"2349c0ae-ae2e-4652-b543-2d83bb835639","caseId":"cmlk916st008o44wonhe6ulnv","assetId":"cmlk916t4008p44wo3k9764qf","extractionId":"cmlk916xa008cxwwow1rzuaus","truthLayer":{"documentType":"workers_comp_denial_notice","classificationConfidence":1,"timeSensitive":false,"earliestDeadline":null},"verdictId":"cmlk916xz008fxwwovp6iauj1","llmModel":"deterministic-formatter-v1","replayMode":"fresh"}
{"level":"info","msg":"worker_message_acked","messageId":"2349c0ae-ae2e-4652-b543-2d83bb835639"}
{"level":"info","msg":"worker_asset_processed","queueMessageId":"0c87e7a0-e500-42db-a1ec-f7e61923945d","caseId":"cmlk916xv008t44wo38ngcyif","assetId":"cmlk916y8008u44wo3hg5cue3","extractionId":"cmlk91729008ixwwo2hajzzvs","truthLayer":{"documentType":"benefits_overpayment_notice","classificationConfidence":1,"timeSensitive":false,"earliestDeadline":null},"verdictId":"cmlk9172x008lxwwoiu5yimww","llmModel":"deterministic-formatter-v1","replayMode":"fresh"}
{"level":"info","msg":"worker_message_acked","messageId":"0c87e7a0-e500-42db-a1ec-f7e61923945d"}
{"level":"info","msg":"worker_asset_processed","queueMessageId":"14702719-c191-4c0f-aba6-711cc2ea6d47","caseId":"cmlk9172s008y44wojolvozyj","assetId":"cmlk91733008z44wohree03vv","extractionId":"cmlk91775008oxwwonlj0dukk","truthLayer":{"documentType":"insurance_denial_letter","classificationConfidence":1,"timeSensitive":false,"earliestDeadline":null},"verdictId":"cmlk9177r008rxwwolqaux3jo","llmModel":"deterministic-formatter-v1","replayMode":"fresh"}
{"level":"info","msg":"worker_message_acked","messageId":"14702719-c191-4c0f-aba6-711cc2ea6d47"}
{"level":"info","msg":"worker_asset_processed","queueMessageId":"a9415039-4b26-433f-b1a7-438cf5ae8ceb","caseId":"cmlk9177r009344womtiw2ngr","assetId":"cmlk91782009444wolfam90ly","extractionId":"cmlk917c8008uxwwotnm8dbem","truthLayer":{"documentType":"insurance_subrogation_notice","classificationConfidence":1,"timeSensitive":false,"earliestDeadline":null},"verdictId":"cmlk917cu008xxwwotdeyk4dp","llmModel":"deterministic-formatter-v1","replayMode":"fresh"}
{"level":"info","msg":"worker_message_acked","messageId":"a9415039-4b26-433f-b1a7-438cf5ae8ceb"}
{"level":"info","msg":"worker_asset_processed","queueMessageId":"919ec8f8-b0ed-4cec-bb7d-3063e7e8ea2a","caseId":"cmlk917ct009844worzc52epo","assetId":"cmlk917d4009944won8icy9kw","extractionId":"cmlk917gz0090xwwoaeecqdga","truthLayer":{"documentType":"incident_evidence_photo","classificationConfidence":1,"timeSensitive":false,"earliestDeadline":null},"verdictId":"cmlk917hm0093xwwogixbnude","llmModel":"deterministic-formatter-v1","replayMode":"fresh"}
{"level":"info","msg":"worker_message_acked","messageId":"919ec8f8-b0ed-4cec-bb7d-3063e7e8ea2a"}
{"level":"info","msg":"worker_asset_processed","queueMessageId":"a9fce039-b8f8-4bac-906c-d542033ae6f3","caseId":"cmlk917hl009d44wolj2upwtx","assetId":"cmlk917hw009e44woyn5e3jwz","extractionId":"cmlk917lo0096xwwohxlunqn1","truthLayer":{"documentType":"utility_shutoff_notice","classificationConfidence":1,"timeSensitive":true,"earliestDeadline":null},"verdictId":"cmlk917mb0099xwwomth84nz7","llmModel":"deterministic-formatter-v1","replayMode":"fresh"}
{"level":"info","msg":"worker_message_acked","messageId":"a9fce039-b8f8-4bac-906c-d542033ae6f3"}
{"level":"info","msg":"worker_asset_processed","queueMessageId":"4591e278-1406-402a-91d9-2e9e3ba1fd5f","caseId":"cmlk917ma009i44wo2c45m0u7","assetId":"cmlk917ml009j44wonq3w7vr8","extractionId":"cmlk917qd009cxwwo6wmvsimi","truthLayer":{"documentType":"license_suspension_notice","classificationConfidence":1,"timeSensitive":true,"earliestDeadline":null},"verdictId":"cmlk917qz009fxwwouvhxa6yg","llmModel":"deterministic-formatter-v1","replayMode":"fresh"}
{"level":"info","msg":"worker_message_acked","messageId":"4591e278-1406-402a-91d9-2e9e3ba1fd5f"}
{"level":"info","msg":"worker_asset_processed","queueMessageId":"a5192e1b-d431-423a-b4d4-df0bdd7e66c4","caseId":"cmlk917qy009n44wobxyipa2d","assetId":"cmlk917r9009o44wo2m8xuoep","extractionId":"cmlk917v5009ixwwo8plrg8vi","truthLayer":{"documentType":"citation_ticket","classificationConfidence":1,"timeSensitive":true,"earliestDeadline":null},"verdictId":"cmlk917vs009lxwwomches5nm","llmModel":"deterministic-formatter-v1","replayMode":"fresh"}
{"level":"info","msg":"worker_message_acked","messageId":"a5192e1b-d431-423a-b4d4-df0bdd7e66c4"}
{"level":"info","msg":"worker_asset_processed","queueMessageId":"032ca537-e506-47f5-b791-316a388800c5","caseId":"cmlk917vr009s44wo9bp79qxl","assetId":"cmlk917w1009t44woagm1h11g","extractionId":"cmlk91806009oxwwo2gbb1p2b","truthLayer":{"documentType":"general_legal_notice","classificationConfidence":1,"timeSensitive":true,"earliestDeadline":"2026-03-14T00:00:00.000Z"},"verdictId":"cmlk9180s009rxwwozzoi7yrc","llmModel":"deterministic-formatter-v1","replayMode":"fresh"}
{"level":"info","msg":"worker_message_acked","messageId":"032ca537-e506-47f5-b791-316a388800c5"}
{"level":"info","msg":"worker_asset_processed","queueMessageId":"4a5ee5e6-15dd-4389-ae87-1a44015357b6","caseId":"cmlk9180l009x44wocfabfgwd","assetId":"cmlk9180z009y44wojpcknls2","extractionId":"cmlk9185c009uxwworu1yfoww","truthLayer":{"documentType":"non_legal_or_unclear_image","classificationConfidence":1,"timeSensitive":false,"earliestDeadline":null},"verdictId":"cmlk9185y009xxwwow7cljnnf","llmModel":"deterministic-formatter-v1","replayMode":"fresh"}
{"level":"info","msg":"worker_message_acked","messageId":"4a5ee5e6-15dd-4389-ae87-1a44015357b6"}
{"level":"info","msg":"worker_asset_processed","queueMessageId":"932f8bcb-791d-4043-b735-add90dd9edf2","caseId":"cmlk9185t00a244woqcp4cf9q","assetId":"cmlk9186400a344wo0zscg8d6","extractionId":"cmlk9189z00a0xwwoemqoqen1","truthLayer":{"documentType":"unknown_legal_document","classificationConfidence":1,"timeSensitive":false,"earliestDeadline":null},"verdictId":"cmlk918ao00a3xwwoh0w63m8q","llmModel":"deterministic-formatter-v1","replayMode":"fresh"}
{"level":"info","msg":"worker_message_acked","messageId":"932f8bcb-791d-4043-b735-add90dd9edf2"}
{"level":"info","msg":"worker_asset_processed","queueMessageId":"275c8cbc-aff4-4eae-bc7f-b785887ae254","caseId":"cmlk9o7fg00at44wo2zs5peau","assetId":"cmlk9o7ft00au44wodadviccj","extractionId":"cmlk9o7tl00a6xwwox3c27p45","truthLayer":{"documentType":"protective_order_notice","classificationConfidence":1,"timeSensitive":true,"earliestDeadline":"2026-03-09T00:00:00.000Z"},"verdictId":"cmlk9o7uf00a9xwwomivj6kzy","llmModel":"deterministic-formatter-v1","replayMode":"fresh"}
{"level":"info","msg":"worker_message_acked","messageId":"275c8cbc-aff4-4eae-bc7f-b785887ae254"}
{"level":"info","msg":"worker_asset_processed","queueMessageId":"28cf14bb-a805-4e07-b4e7-7f8f091026c9","caseId":"cmlk9o7ut00ay44woqrioeqn3","assetId":"cmlk9o7v600az44wokhnhipta","extractionId":"cmlk9o80700acxwwojbmwd1vx","truthLayer":{"documentType":"family_court_notice","classificationConfidence":1,"timeSensitive":true,"earliestDeadline":"2026-03-22T00:00:00.000Z"},"verdictId":"cmlk9o81100afxwwomch46chi","llmModel":"deterministic-formatter-v1","replayMode":"fresh"}
{"level":"info","msg":"worker_message_acked","messageId":"28cf14bb-a805-4e07-b4e7-7f8f091026c9"}
{"level":"info","msg":"worker_asset_processed","queueMessageId":"a49240fc-8e5e-41c4-97ce-006230731862","caseId":"cmlk9o81600b344wo2xin8psy","assetId":"cmlk9o81m00b444wo2tvucgy5","extractionId":"cmlk9o85z00aixwwoq7zix2j1","truthLayer":{"documentType":"small_claims_complaint","classificationConfidence":0.9199999999999999,"timeSensitive":true,"earliestDeadline":"2026-03-05T00:00:00.000Z"},"verdictId":"cmlk9o87500alxwwo7l2harqo","llmModel":"deterministic-formatter-v1","replayMode":"fresh"}
{"level":"info","msg":"worker_message_acked","messageId":"a49240fc-8e5e-41c4-97ce-006230731862"}
{"level":"info","msg":"worker_asset_processed","queueMessageId":"ff7ebbfb-ac6a-4b84-92b2-755e982c683b","caseId":"cmlk9o87a00b844wod2707bs6","assetId":"cmlk9o87o00b944wovhv6ojmj","extractionId":"cmlk9o8bo00aoxwwofd51wf7e","truthLayer":{"documentType":"summons_complaint","classificationConfidence":1,"timeSensitive":true,"earliestDeadline":"2026-02-10T00:00:00.000Z"},"verdictId":"cmlk9o8cd00arxwwo57qmrba5","llmModel":"deterministic-formatter-v1","replayMode":"fresh"}
{"level":"info","msg":"worker_message_acked","messageId":"ff7ebbfb-ac6a-4b84-92b2-755e982c683b"}
{"level":"info","msg":"worker_asset_processed","queueMessageId":"7cf3c0db-88d2-4077-8cb1-bc820c8f7d00","caseId":"cmlk9o8cd00bd44wofz2lph0j","assetId":"cmlk9o8cs00be44woj8ud7jhx","extractionId":"cmlk9o8gm00auxwwor1hto9h7","truthLayer":{"documentType":"subpoena_notice","classificationConfidence":1,"timeSensitive":true,"earliestDeadline":"2026-03-01T00:00:00.000Z"},"verdictId":"cmlk9o8hb00axxwwo9c11af9h","llmModel":"deterministic-formatter-v1","replayMode":"fresh"}
{"level":"info","msg":"worker_message_acked","messageId":"7cf3c0db-88d2-4077-8cb1-bc820c8f7d00"}
{"level":"info","msg":"worker_asset_processed","queueMessageId":"684a2359-551f-4599-8ced-b8c7c9e1e466","caseId":"cmlk9o8hb00bi44woo2nkb2pf","assetId":"cmlk9o8hn00bj44wopcjdyvyn","extractionId":"cmlk9o8lz00b0xwwo5j3o331e","truthLayer":{"documentType":"judgment_notice","classificationConfidence":1,"timeSensitive":false,"earliestDeadline":null},"verdictId":"cmlk9o8mo00b3xwwo7mtflw6i","llmModel":"deterministic-formatter-v1","replayMode":"fresh"}
{"level":"info","msg":"worker_message_acked","messageId":"684a2359-551f-4599-8ced-b8c7c9e1e466"}
{"level":"info","msg":"worker_asset_processed","queueMessageId":"c730cdc3-3af7-4266-b33f-f183fffac58c","caseId":"cmlk9o8mo00bn44wopgazp18z","assetId":"cmlk9o8n100bo44wodwjae7di","extractionId":"cmlk9o8r100b6xwwofjd7vqyu","truthLayer":{"documentType":"court_hearing_notice","classificationConfidence":1,"timeSensitive":true,"earliestDeadline":null},"verdictId":"cmlk9o8rq00b9xwwo9hgbu3xd","llmModel":"deterministic-formatter-v1","replayMode":"fresh"}
{"level":"info","msg":"worker_message_acked","messageId":"c730cdc3-3af7-4266-b33f-f183fffac58c"}
{"level":"info","msg":"worker_asset_processed","queueMessageId":"7f47ff20-35d5-405b-9236-144626114bfc","caseId":"cmlk9o8rp00bs44wol9s1edg4","assetId":"cmlk9o8s100bt44wok6llh385","extractionId":"cmlk9o8vw00bcxwwoafa1dc0c","truthLayer":{"documentType":"demand_letter","classificationConfidence":1,"timeSensitive":true,"earliestDeadline":null},"verdictId":"cmlk9o8wl00bfxwworg28lgbt","llmModel":"deterministic-formatter-v1","replayMode":"fresh"}
{"level":"info","msg":"worker_message_acked","messageId":"7f47ff20-35d5-405b-9236-144626114bfc"}
{"level":"info","msg":"worker_asset_processed","queueMessageId":"8672ed9e-2de4-48b9-abce-b0ddec854552","caseId":"cmlk9o8wk00bx44wocpwk9a0z","assetId":"cmlk9o8wz00by44wory4aw7f4","extractionId":"cmlk9o91k00bixwwo9p9gh0y1","truthLayer":{"documentType":"eviction_notice","classificationConfidence":1,"timeSensitive":true,"earliestDeadline":"2026-02-16T00:00:00.000Z"},"verdictId":"cmlk9o92a00blxwwo8pvo1kck","llmModel":"deterministic-formatter-v1","replayMode":"fresh"}
{"level":"info","msg":"worker_message_acked","messageId":"8672ed9e-2de4-48b9-abce-b0ddec854552"}
{"level":"info","msg":"worker_asset_processed","queueMessageId":"c44e1e5f-7a90-4e2e-860c-e3cad752c289","caseId":"cmlk9o92a00c244wosm2m2g9q","assetId":"cmlk9o92m00c344woh7zj81kn","extractionId":"cmlk9o96u00boxwwohsdi86ku","truthLayer":{"documentType":"foreclosure_default_notice","classificationConfidence":1,"timeSensitive":true,"earliestDeadline":null},"verdictId":"cmlk9o97j00brxwwojg111x7q","llmModel":"deterministic-formatter-v1","replayMode":"fresh"}
{"level":"info","msg":"worker_message_acked","messageId":"c44e1e5f-7a90-4e2e-860c-e3cad752c289"}
{"level":"info","msg":"worker_asset_processed","queueMessageId":"202720a3-7224-4c44-a121-421a156ed3f8","caseId":"cmlk9o97k00c744wo8e3b02zt","assetId":"cmlk9o97x00c844wo143osuss","extractionId":"cmlk9o9cs00buxwwoclcsd0zk","truthLayer":{"documentType":"repossession_notice","classificationConfidence":1,"timeSensitive":false,"earliestDeadline":null},"verdictId":"cmlk9o9dh00bxxwwosa8hwjwm","llmModel":"deterministic-formatter-v1","replayMode":"fresh"}
{"level":"info","msg":"worker_message_acked","messageId":"202720a3-7224-4c44-a121-421a156ed3f8"}
{"level":"info","msg":"worker_asset_processed","queueMessageId":"154e2498-c90b-4275-81cf-366fda9c3bc5","caseId":"cmlk9o9dg00cc44wo8n7xl2ks","assetId":"cmlk9o9dr00cd44wozi40v1cq","extractionId":"cmlk9o9hl00c0xwwon1ihop3z","truthLayer":{"documentType":"landlord_security_deposit_notice","classificationConfidence":1,"timeSensitive":false,"earliestDeadline":null},"verdictId":"cmlk9o9i900c3xwwov7i26ggb","llmModel":"deterministic-formatter-v1","replayMode":"fresh"}
{"level":"info","msg":"worker_message_acked","messageId":"154e2498-c90b-4275-81cf-366fda9c3bc5"}
{"level":"info","msg":"worker_asset_processed","queueMessageId":"7078b269-4b9b-47e6-9198-edce96a3c30f","caseId":"cmlk9o9i900ch44wo2q0opzdz","assetId":"cmlk9o9ij00ci44wohebto2cx","extractionId":"cmlk9o9mb00c6xwwot76zujws","truthLayer":{"documentType":"lease_violation_notice","classificationConfidence":0.9199999999999999,"timeSensitive":false,"earliestDeadline":null},"verdictId":"cmlk9o9mz00c9xwwozcn2bi6d","llmModel":"deterministic-formatter-v1","replayMode":"fresh"}
{"level":"info","msg":"worker_message_acked","messageId":"7078b269-4b9b-47e6-9198-edce96a3c30f"}
{"level":"info","msg":"worker_asset_processed","queueMessageId":"f5430acc-a686-42e6-89d9-d5af7edcf240","caseId":"cmlk9o9n300cm44wo9gd247ux","assetId":"cmlk9o9ng00cn44wo53pbcepz","extractionId":"cmlk9o9rf00ccxwwo84x57iax","truthLayer":{"documentType":"debt_collection_notice","classificationConfidence":1,"timeSensitive":false,"earliestDeadline":null},"verdictId":"cmlk9o9s200cfxwwoga0kspyw","llmModel":"deterministic-formatter-v1","replayMode":"fresh"}
{"level":"info","msg":"worker_message_acked","messageId":"f5430acc-a686-42e6-89d9-d5af7edcf240"}
{"level":"info","msg":"worker_asset_processed","queueMessageId":"3bc80821-d70b-46ff-9648-d5460136d757","caseId":"cmlk9o9s200cr44wolt31e7pg","assetId":"cmlk9o9sd00cs44wocp8i9zft","extractionId":"cmlk9o9wq00cixwwo8lqgij4o","truthLayer":{"documentType":"wage_garnishment_notice","classificationConfidence":1,"timeSensitive":true,"earliestDeadline":null},"verdictId":"cmlk9o9xc00clxwwol2eiin6d","llmModel":"deterministic-formatter-v1","replayMode":"fresh"}
{"level":"info","msg":"worker_message_acked","messageId":"3bc80821-d70b-46ff-9648-d5460136d757"}
{"level":"info","msg":"worker_asset_processed","queueMessageId":"0a287d6b-8fb6-4fa8-a9d9-40d749423af3","caseId":"cmlk9o9xb00cw44won8gllopm","assetId":"cmlk9o9xm00cx44woiyudgc17","extractionId":"cmlk9oa2500coxwwo1c8gp2zv","truthLayer":{"documentType":"tax_notice","classificationConfidence":1,"timeSensitive":false,"earliestDeadline":null},"verdictId":"cmlk9oa2t00crxwwow1wuk2ir","llmModel":"deterministic-formatter-v1","replayMode":"fresh"}
{"level":"info","msg":"worker_message_acked","messageId":"0a287d6b-8fb6-4fa8-a9d9-40d749423af3"}
{"level":"info","msg":"worker_asset_processed","queueMessageId":"e1a4eb67-5feb-4f3b-b7d0-efa0e3085d7d","caseId":"cmlk9oa2s00d144wobgqpwbco","assetId":"cmlk9oa3300d244wo96bpuxkk","extractionId":"cmlk9oa7000cuxwwoxqbfyr9t","truthLayer":{"documentType":"unemployment_benefits_denial","classificationConfidence":1,"timeSensitive":true,"earliestDeadline":"2026-02-28T00:00:00.000Z"},"verdictId":"cmlk9oa7p00cxxwwovf06fxfe","llmModel":"deterministic-formatter-v1","replayMode":"fresh"}
{"level":"info","msg":"worker_message_acked","messageId":"e1a4eb67-5feb-4f3b-b7d0-efa0e3085d7d"}
{"level":"info","msg":"worker_asset_processed","queueMessageId":"fba284bc-b9c5-4f4c-8856-6b4b23d7cf70","caseId":"cmlk9oa7o00d644wokht3q7t7","assetId":"cmlk9oa8000d744wou0emgkek","extractionId":"cmlk9oabu00d0xwwotstrb6yr","truthLayer":{"documentType":"workers_comp_denial_notice","classificationConfidence":1,"timeSensitive":false,"earliestDeadline":null},"verdictId":"cmlk9oaci00d3xwwocolcb1gg","llmModel":"deterministic-formatter-v1","replayMode":"fresh"}
{"level":"info","msg":"worker_message_acked","messageId":"fba284bc-b9c5-4f4c-8856-6b4b23d7cf70"}
{"level":"info","msg":"worker_asset_processed","queueMessageId":"6c390296-6bb0-4019-bfda-950507652df3","caseId":"cmlk9oach00db44woxkqyc875","assetId":"cmlk9oact00dc44wojwzxamgp","extractionId":"cmlk9oah200d6xwwolpplwep2","truthLayer":{"documentType":"benefits_overpayment_notice","classificationConfidence":1,"timeSensitive":false,"earliestDeadline":null},"verdictId":"cmlk9oahq00d9xwworoppaeo1","llmModel":"deterministic-formatter-v1","replayMode":"fresh"}
{"level":"info","msg":"worker_message_acked","messageId":"6c390296-6bb0-4019-bfda-950507652df3"}
{"level":"info","msg":"worker_asset_processed","queueMessageId":"9e9387b4-bd69-4e73-bfa5-4d07e06d83e1","caseId":"cmlk9oahh00dg44wokiuxko3v","assetId":"cmlk9oahs00dh44wo4ir25lpa","extractionId":"cmlk9oalw00dcxwwotksyntfx","truthLayer":{"documentType":"insurance_denial_letter","classificationConfidence":1,"timeSensitive":false,"earliestDeadline":null},"verdictId":"cmlk9oami00dfxwwolfk1hoc4","llmModel":"deterministic-formatter-v1","replayMode":"fresh"}
{"level":"info","msg":"worker_message_acked","messageId":"9e9387b4-bd69-4e73-bfa5-4d07e06d83e1"}
{"level":"info","msg":"worker_asset_processed","queueMessageId":"97299561-94d4-45d9-96e2-1505ef303889","caseId":"cmlk9oamh00dl44wo6jedp0e7","assetId":"cmlk9oamu00dm44wolbd4fti0","extractionId":"cmlk9oaqj00dixwwoee3z30ya","truthLayer":{"documentType":"insurance_subrogation_notice","classificationConfidence":1,"timeSensitive":false,"earliestDeadline":null},"verdictId":"cmlk9oar500dlxwwosrm5zo0f","llmModel":"deterministic-formatter-v1","replayMode":"fresh"}
{"level":"info","msg":"worker_message_acked","messageId":"97299561-94d4-45d9-96e2-1505ef303889"}
{"level":"info","msg":"worker_asset_processed","queueMessageId":"04fb208d-38fe-4e1d-980e-ebf42615bd96","caseId":"cmlk9oar500dq44wowvitxhvl","assetId":"cmlk9oarf00dr44woccmw1hp7","extractionId":"cmlk9oaw400doxwwojawcgqfu","truthLayer":{"documentType":"incident_evidence_photo","classificationConfidence":0.95,"timeSensitive":false,"earliestDeadline":null},"verdictId":"cmlk9oaws00drxwwourj48g8x","llmModel":"deterministic-formatter-v1","replayMode":"fresh"}
{"level":"info","msg":"worker_message_acked","messageId":"04fb208d-38fe-4e1d-980e-ebf42615bd96"}
{"level":"info","msg":"worker_asset_processed","queueMessageId":"5dbf71c6-74cb-4e9a-a472-26be2836c79f","caseId":"cmlk9oaww00dv44wokggch344","assetId":"cmlk9oax800dw44wode7rb1tc","extractionId":"cmlk9ob1000duxwwoangw21wk","truthLayer":{"documentType":"utility_shutoff_notice","classificationConfidence":1,"timeSensitive":true,"earliestDeadline":null},"verdictId":"cmlk9ob1n00dxxwwoijf0lhdn","llmModel":"deterministic-formatter-v1","replayMode":"fresh"}
{"level":"info","msg":"worker_message_acked","messageId":"5dbf71c6-74cb-4e9a-a472-26be2836c79f"}
{"level":"info","msg":"worker_asset_processed","queueMessageId":"26da6780-2873-40ec-a6fb-ca9cdb49fa06","caseId":"cmlk9ob1m00e044woouikpnn8","assetId":"cmlk9ob1y00e144wojir8ec4a","extractionId":"cmlk9ob5y00e0xwwo2qemdhvk","truthLayer":{"documentType":"license_suspension_notice","classificationConfidence":1,"timeSensitive":true,"earliestDeadline":null},"verdictId":"cmlk9ob6l00e3xwwoo23jkc8f","llmModel":"deterministic-formatter-v1","replayMode":"fresh"}
{"level":"info","msg":"worker_message_acked","messageId":"26da6780-2873-40ec-a6fb-ca9cdb49fa06"}
{"level":"info","msg":"worker_asset_processed","queueMessageId":"20737aee-80e5-4d12-a6c1-0476773c31b7","caseId":"cmlk9ob6k00e544woggnrt0k6","assetId":"cmlk9ob6v00e644woc3e4a8i4","extractionId":"cmlk9obbr00e6xwwonnqotvfv","truthLayer":{"documentType":"citation_ticket","classificationConfidence":0.95,"timeSensitive":true,"earliestDeadline":null},"verdictId":"cmlk9obcg00e9xwwofq7ypj5t","llmModel":"deterministic-formatter-v1","replayMode":"fresh"}
{"level":"info","msg":"worker_message_acked","messageId":"20737aee-80e5-4d12-a6c1-0476773c31b7"}
{"level":"info","msg":"worker_asset_processed","queueMessageId":"ef22f498-1bcc-4d2a-80c9-cf22229b2d76","caseId":"cmlk9obcf00ea44wogodpr9pf","assetId":"cmlk9obcr00eb44woognyniae","extractionId":"cmlk9obgm00ecxwwo23u0bemd","truthLayer":{"documentType":"general_legal_notice","classificationConfidence":1,"timeSensitive":true,"earliestDeadline":"2026-03-14T00:00:00.000Z"},"verdictId":"cmlk9obhc00efxwwok0yjeg04","llmModel":"deterministic-formatter-v1","replayMode":"fresh"}
{"level":"info","msg":"worker_message_acked","messageId":"ef22f498-1bcc-4d2a-80c9-cf22229b2d76"}
{"level":"info","msg":"worker_asset_processed","queueMessageId":"b2869198-a2a0-4c6f-a461-9ad8473dc2c7","caseId":"cmlk9obhc00ef44wopw6dw652","assetId":"cmlk9obho00eg44wo4gzpyixp","extractionId":"cmlk9oble00eixwwodj2hjgnz","truthLayer":{"documentType":"non_legal_or_unclear_image","classificationConfidence":1,"timeSensitive":false,"earliestDeadline":null},"verdictId":"cmlk9obm200elxwwoyda65drp","llmModel":"deterministic-formatter-v1","replayMode":"fresh"}
{"level":"info","msg":"worker_message_acked","messageId":"b2869198-a2a0-4c6f-a461-9ad8473dc2c7"}
{"level":"info","msg":"worker_asset_processed","queueMessageId":"26eab19b-3c75-4e11-86bd-ce3a95381d6e","caseId":"cmlk9obm100ek44wo3xk7pwvk","assetId":"cmlk9obmc00el44woku8dmi40","extractionId":"cmlk9obqj00eoxwwo0m04pma6","truthLayer":{"documentType":"unknown_legal_document","classificationConfidence":1,"timeSensitive":false,"earliestDeadline":null},"verdictId":"cmlk9obr700erxwwogh85wq2r","llmModel":"deterministic-formatter-v1","replayMode":"fresh"}
{"level":"info","msg":"worker_message_acked","messageId":"26eab19b-3c75-4e11-86bd-ce3a95381d6e"}
{"level":"info","msg":"worker_asset_processed","queueMessageId":"841a7986-0218-4351-8b66-c2b2cf387c52","caseId":"cmlkieoe600ev44wozlfweark","assetId":"cmlkieonb00f444woiqvb7ivx","extractionId":"cmlkiepv700euxwwoqpjx93m6","truthLayer":{"documentType":"non_legal_or_unclear_image","classificationConfidence":0.2,"timeSensitive":false,"earliestDeadline":null},"verdictId":"cmlkiepvx00exxwwoce6tpa23","llmModel":"deterministic-formatter-v1","replayMode":"fresh"}
{"level":"info","msg":"worker_message_acked","messageId":"841a7986-0218-4351-8b66-c2b2cf387c52"}
{"level":"info","msg":"worker_asset_processed","queueMessageId":"58db756f-7cf4-4a7d-a244-4e091c46b491","caseId":"cmlkieoe600ev44wozlfweark","assetId":"cmlkiepwy00f844wo93qc8k0d","extractionId":"cmlkieqa900f0xwwonbf6awof","truthLayer":{"documentType":"non_legal_or_unclear_image","classificationConfidence":0.2,"timeSensitive":false,"earliestDeadline":null},"verdictId":"cmlkieqbx00f3xwwovgrzi0g4","llmModel":"deterministic-formatter-v1","replayMode":"fresh"}
{"level":"info","msg":"worker_message_acked","messageId":"58db756f-7cf4-4a7d-a244-4e091c46b491"}
{"level":"info","msg":"worker_asset_processed","queueMessageId":"02e96131-b10a-44f0-8bd4-c05d687308ee","caseId":"cmlkieoe600ev44wozlfweark","assetId":"cmlkieqcr00fc44wofumz2m3x","extractionId":"cmlkieqob00f6xwwotzyrb7lf","truthLayer":{"documentType":"non_legal_or_unclear_image","classificationConfidence":0.2,"timeSensitive":false,"earliestDeadline":null},"verdictId":"cmlkieqoy00f9xwwopv8821rl","llmModel":"deterministic-formatter-v1","replayMode":"fresh"}
{"level":"info","msg":"worker_message_acked","messageId":"02e96131-b10a-44f0-8bd4-c05d687308ee"}
{"level":"info","msg":"worker_asset_processed","queueMessageId":"e918ca04-a4fd-4e47-a833-e0478651cd10","caseId":"cmlkieoe600ev44wozlfweark","assetId":"cmlkieqqr00fg44wohl9u9out","extractionId":"cmlkier2300fcxwwoz0gvmztq","truthLayer":{"documentType":"non_legal_or_unclear_image","classificationConfidence":0.2,"timeSensitive":false,"earliestDeadline":null},"verdictId":"cmlkier2p00ffxwwonywtvqa5","llmModel":"deterministic-formatter-v1","replayMode":"fresh"}
{"level":"info","msg":"worker_message_acked","messageId":"e918ca04-a4fd-4e47-a833-e0478651cd10"}
{"level":"info","msg":"worker_asset_processed","queueMessageId":"38239080-891b-4d5d-a84a-9257e7a77fc9","caseId":"cmlkieoe600ev44wozlfweark","assetId":"cmlkier3c00fk44wo3syydl67","extractionId":"cmlkiere500fixwwoic8952xw","truthLayer":{"documentType":"non_legal_or_unclear_image","classificationConfidence":0.2,"timeSensitive":false,"earliestDeadline":null},"verdictId":"cmlkiereq00flxwwodryo38xl","llmModel":"deterministic-formatter-v1","replayMode":"fresh"}
{"level":"info","msg":"worker_message_acked","messageId":"38239080-891b-4d5d-a84a-9257e7a77fc9"}
{"level":"info","msg":"worker_asset_processed","queueMessageId":"2345c723-7496-4f5a-9eaa-8067bfbaf379","caseId":"cmlkieoe600ev44wozlfweark","assetId":"cmlkiergq00fo44wo4ldrmpdl","extractionId":"cmlkiertx00foxwworxua2dq8","truthLayer":{"documentType":"non_legal_or_unclear_image","classificationConfidence":0.2,"timeSensitive":false,"earliestDeadline":null},"verdictId":"cmlkierup00frxwwoo1vblsmf","llmModel":"deterministic-formatter-v1","replayMode":"fresh"}
{"level":"info","msg":"worker_message_acked","messageId":"2345c723-7496-4f5a-9eaa-8067bfbaf379"}
{"level":"info","msg":"worker_asset_processed","queueMessageId":"0c5c12e1-18cd-4299-9a21-a9e7eb456e00","caseId":"cmlkieoe600ev44wozlfweark","assetId":"cmlkierwi00fs44wo37qoe8kd","extractionId":"cmlkies8200fuxwwo8eqh0jye","truthLayer":{"documentType":"non_legal_or_unclear_image","classificationConfidence":0.2,"timeSensitive":false,"earliestDeadline":null},"verdictId":"cmlkies8q00fxxwwonj1jlixi","llmModel":"deterministic-formatter-v1","replayMode":"fresh"}
{"level":"info","msg":"worker_message_acked","messageId":"0c5c12e1-18cd-4299-9a21-a9e7eb456e00"}
{"level":"info","msg":"worker_asset_processed","queueMessageId":"dfa08926-c837-4379-a2ec-a5cbfb634783","caseId":"cmlkieoe600ev44wozlfweark","assetId":"cmlkiesbp00fw44woe9fizr79","extractionId":"cmlkiesme00g0xwwoghcda9hd","truthLayer":{"documentType":"non_legal_or_unclear_image","classificationConfidence":0.2,"timeSensitive":false,"earliestDeadline":null},"verdictId":"cmlkiesmz00g3xwworvzlvx3x","llmModel":"deterministic-formatter-v1","replayMode":"fresh"}
{"level":"info","msg":"worker_message_acked","messageId":"dfa08926-c837-4379-a2ec-a5cbfb634783"}
{"level":"info","msg":"worker_asset_processed","queueMessageId":"170ada65-2d9d-40da-9ed2-713e5c2e7361","caseId":"cmlkjjvb200gf44wo39vxsg3a","assetId":"cmlkjjvcb00gg44wo9fkhppoe","extractionId":"cmlkjjxwe00g6xwwomebz5iiq","truthLayer":{"documentType":"non_legal_or_unclear_image","classificationConfidence":0.2,"timeSensitive":false,"earliestDeadline":null},"verdictId":"cmlkjjxxf00g9xwwoot5hlb7l","llmModel":"deterministic-formatter-v1","replayMode":"fresh"}
{"level":"info","msg":"worker_message_acked","messageId":"170ada65-2d9d-40da-9ed2-713e5c2e7361"}
{"level":"info","msg":"worker_asset_processed","queueMessageId":"e998d10d-40f7-4fdb-9d49-b0ea7057cfb9","caseId":"cmlkjjy4d00gh44wogqw6h65b","assetId":"cmlkjjy4q00gi44wopp417390","extractionId":"cmlkjkbrx00gcxwwowj23uje8","truthLayer":{"documentType":"non_legal_or_unclear_image","classificationConfidence":0.2,"timeSensitive":false,"earliestDeadline":null},"verdictId":"cmlkjkbsr00gfxwwoi5rnzyjh","llmModel":"deterministic-formatter-v1","replayMode":"fresh"}
{"level":"info","msg":"worker_message_acked","messageId":"e998d10d-40f7-4fdb-9d49-b0ea7057cfb9"}
